<?xml version="1.0" encoding="UTF-8"?>
<testng-results ignored="0" total="1" passed="1" failed="0" skipped="0">
  <reporter-output>
  </reporter-output>
  <suite started-at="2022-02-11T13:30:08 IST" name="Suite" finished-at="2022-02-11T13:30:25 IST" duration-ms="17830">
    <groups>
    </groups>
    <test started-at="2022-02-11T13:30:08 IST" name="Test" finished-at="2022-02-11T13:30:25 IST" duration-ms="17830">
      <class name="testCases.MultipleWindows">
        <test-method is-config="true" signature="initiliseBrowser()[pri:0, instance:testCases.MultipleWindows@6a400542]" started-at="2022-02-11T13:30:08 IST" name="initiliseBrowser" finished-at="2022-02-11T13:30:16 IST" duration-ms="8481" status="PASS">
          <reporter-output>
          </reporter-output>
        </test-method> <!-- initiliseBrowser -->
        <test-method signature="windowHandling()[pri:0, instance:testCases.MultipleWindows@6a400542]" started-at="2022-02-11T13:30:16 IST" name="windowHandling" finished-at="2022-02-11T13:30:25 IST" duration-ms="8964" status="PASS">
          <reporter-output>
          </reporter-output>
        </test-method> <!-- windowHandling -->
        <test-method is-config="true" signature="close()[pri:0, instance:testCases.MultipleWindows@6a400542]" started-at="2022-02-11T13:30:25 IST" name="close" finished-at="2022-02-11T13:30:25 IST" duration-ms="323" status="PASS">
          <reporter-output>
          </reporter-output>
        </test-method> <!-- close -->
      </class> <!-- testCases.MultipleWindows -->
    </test> <!-- Test -->
  </suite> <!-- Suite -->
</testng-results>
