<?xml version="1.0" encoding="UTF-8"?>
<testng-results ignored="0" total="1" passed="1" failed="0" skipped="0">
  <reporter-output>
  </reporter-output>
  <suite started-at="2022-02-10T15:01:28 IST" name="Suite" finished-at="2022-02-10T15:01:45 IST" duration-ms="16852">
    <groups>
    </groups>
    <test started-at="2022-02-10T15:01:28 IST" name="Test" finished-at="2022-02-10T15:01:45 IST" duration-ms="16852">
      <class name="testCases.MultipleWindows">
        <test-method is-config="true" signature="initiliseBrowser()[pri:0, instance:testCases.MultipleWindows@957e06]" started-at="2022-02-10T15:01:28 IST" name="initiliseBrowser" finished-at="2022-02-10T15:01:37 IST" duration-ms="8832" status="PASS">
          <reporter-output>
          </reporter-output>
        </test-method> <!-- initiliseBrowser -->
        <test-method signature="windowHandling()[pri:0, instance:testCases.MultipleWindows@957e06]" started-at="2022-02-10T15:01:37 IST" name="windowHandling" finished-at="2022-02-10T15:01:45 IST" duration-ms="7958" status="PASS">
          <reporter-output>
          </reporter-output>
        </test-method> <!-- windowHandling -->
      </class> <!-- testCases.MultipleWindows -->
    </test> <!-- Test -->
  </suite> <!-- Suite -->
</testng-results>
